30
40
22
53
23
18
37
22
15
23
10
47
15
39
24
23
31
31
53
52
26
33
26
38
46
44
12
27
33
39
26
33
30
15
17
44
10
13
45
47
60
14
33
35
17
44
31
37
40
37
53
19
27
28
34
50
10
55
11
34
53
37
19
28
23
24
23
28
32
64
31
14
54
37
35
28
25
14
11
37
20
9
36
44
37
49
43
44
47
33
37
20
14
63
38
53
14
18
27
61
52
47
28
41
52
20
38
23
39
12
53
12
37
10
16
22
34
20
54
25
45
36
54
16
60
16
26
38
38
46
39
46
32
38
31
13
42
31
14
8
32
12
24
14
12
32
9
11
54
26
25
20
18
46
43
12
31
21
35
24
50
25
34
34
22
20
18
10
38
20
74
50
89
45
31
43
63
21
20
52
21
58
10
17
26
20
36
35
40
12
41
22
37
29
23
42
18
28
30
19
11
27
12
31
19
14
13
57
66
45
40
48
42
13
52
17
41
47
16
25
36
27
28
29
61
31
35
37
35
45
47
18
14
30
42
29
22
12
24
50
32
28
43
40
23
21
30
46
33
41
25
31
28
23
31
35
49
13
28
44
29
11
33
12
10
32
15
14
29
11
30
47
51
11
14
47
33
27
55
31
31
12
41
14
30
17
30
18
36
28
26
14
41
18
23
37
48
50
22
34
9
17
47
38
24
13
31
40
59
10
22
10
47
22
44
27
31
36
15
39
17
20
13
30
24
21
34
15
59
26
20
24
17
43
44
53
18
27
11
45
31
41
15
34
29
24
62
35
28
38
29
33
12
30
17
26
28
40
21
23
20
55
42
31
9
31
47
35
24
24
34
21
35
30
77
18
31
13
32
37
36
24
19
33
35
10
26
49
11
16
16
31
45
39
11
21
11
18
51
15
41
38
26
50
28
13
62
43
23
47
13
50
56
50
37
30
34
27
29
60
45
11
45
39
38
43
25
11
15
38
12
34
28
33
29
13
34
40
52
48
24
30
17
29
21
43
74
13
47
25
47
22
24
16
56
28
27
18
39
13
47
43
12
40
31
10
19
31
24
14
49
15
60
18
16
11
47
39
26
26
31
31
16
61
41
10
21
38
46
60
12
18
39
39
16
17
19
13
40
46
12
38
15
46
34
46
18
46
30
66
18
58
15
31
38
11
14
22
17
22
16
30
11
12
14
23
10
36
53
14
26
26
40
55
32
16
62
19
15
22
39
18
38
21
55
28
17
26
34
20
54
51
28
30
58
35
16
13
20
31
40
46
21
32
30
20
36
15
10
11
81
43
38
33
18
39
16
21
27
36
33
18
24
16
41
16
36
29
21
24
18
26
20
40
27
28
25
43
32
27
36
23
32
25
22
26
55
38
22
20
32
45
56
16
20
51
15
45
19
29
22
24
18
57
29
30
25
69
30
30
49
29
12
23
38
28
13
12
26
15
44
34
41
27
24
43
16
20
48
10
59
45
35
18
29
35
19
34
37
30
34
11
18
31
16
29
37
16
27
27
17
11
26
52
43
36
17
38
55
53
27
28
47
14
19
10
38
29
14
31
65
48
55
29
16
25
9
41
15
13
29
16
40
30
11
19
52
29
19
57
13
11
54
31
34
38
12
12
46
42
45
35
23
10
44
35
48
46
50
15
41
51
22
46
11
51
18
59
11
29
30
11
10
30
39
41
13
39
43
38
42
32
28
15
19
12
31
27
19
26
14
28
12
31
70
19
33
42
29
38
14
24
26
10
31
23
32
39
52
12
21
17
14
35
20
50
36
15
17
21
52
34
16
27
10
14
20
13
11
31
26
30
27
50
11
10
26
41
30
29
25
32
15
44
29
29
20
18
39
29
23
38
19
15
13
47
34
64
12
28
42
33
23
35
52
38
28
43
69
44
43
51
32
25
9
17
24
32
29
30
47
27
45
48
28
29
32
32
13
26
49
10
55
25
27
27
60
40
14
42
32
23
30
36
26
15
33
38
47
23
22
32
59
39
44
10
22
58
28
11
19
13
27
10
26
48
37
27
46
51
50
16
30
14
41
27
38
19
42
11
36
29
17
16
40
17
17
27
15
18
51
29
28
44
22
61
27
45
12
23
34
19
43
25
26
34
19
14
53
46
51
34
44
54
54
33
14
15
50
20
27
22
36
42
13
56
51
36
23
25
34
43
18
38
24
28
24
35
43
29
16
32
18
15
21
10
24
59
58
33
34
10
63
23
39
29
16
58
57
16
33
24
52
24
59
15
53
9
33
50
24
37
12
46
32
16
51
56
41
61
45
9
32
25
48
11
38
52
23
19
43
44
64
43
48
31
15
27
26
12
28
23
41
25
19
15
54
21
20
12
15
15
43
19
29
13
9
49
16
31
17
55
56
30
20
37
35
35
9
38
51
14
31
12
13
33
12
29
26
30
22
31
16
35
57
15
55
31
18
68
12
54
9
31
10
21
27
11
44
30
22
29
29
20
19
13
11
43
20
18
41
27
10
40
15
42
32
34
59
14
15
22
29
14
18
27
12
13
38
35
26
36
24
17
25
28
50
45
21
24
37
42
43
13
27
40
34
48
19
15
23
25
31
53
30
17
27
51
15
24
11
12
30
54
12
15
49
21
50
25
62
28
28
8
9
35
29
52
45
20
12
44
30
37
39
26
32
30
21
43
17
29
47
23
64
27
12
34
29
11
34
45
17
40
18
11
57
36
21
32
28
38
31
18
22
23
39
41
29
42
44
55
26
45
36
36
13
27
36
35
27
18
39
29
39
41
35
51
35
37
42
16
12
19
25
33
44
28
26
38
19
11
26
11
37
12
21
42
29
25
27
11
13
14
27
16
40
32
28
15
42
11
49
24
38
13
29
18
69
10
29
25
22
51
17
50
55
42
30
18
25
49
43
20
31
9
52
33
17
71
28
47
23
33
22
43
18
35
47
15
47
36
23
19
24
21
54
31
15
18
47
22
13
16
22
68
34
48
40
18
24
16
14
12
56
17
21
33
35
31
10
23
31
45
50
32
62
33
44
34
19
25
46
16
47
38
21
45
58
46
14
24
46
50
43
28
25
17
24
34
15
44
39
17
10
27
33
29
36
25
43
22
25
43
30
18
25
48
25
13
19
59
13
14
16
13
43
11
24
28
32
30
14
40
53
28
44
61
16
42
11
62
33
33
34
14
23
17
24
18
16
28
24
32
45
22
21
27
12
42
31
11
24
60
48
58
35
38
36
23
44
24
29
14
66
30
34
36
20
30
64
35
36
24
17
24
46
45
43
42
25
42
32
12
52
40
42
12
24
10
30
34
27
37
30
42
51
27
23
25
13
45
39
52
13
26
45
27
28
41
43
33
27
46
29
27
33
16
25
44
40
40
29
19
28
27
12
39
10
31
13
33
17
16
37
31
34
17
21
45
61
38
23
40
30
12
25
55
19
48
30
29
22
26
26
56
44
22
15
51
60
55
40
38
52
38
36
23
23
23
67
46
13
10
14
10
58
37
53
35
37
26
19
35
29
16
22
16
20
34
28
15
28
31
14
30
42
18
26
66
16
29
39
20
40
35
23
30
23
32
65
28
17
34
53
19
29
44
39
30
41
51
33
18
37
12
26
24
46
11
52
29
33
21
32
46
53
36
28
42
18
57
13
24
31
34
19
26
22
23
40
69
35
14
43
19
29
29
51
34
19
31
14
56
34
66
62
34
45
27
10
46
26
22
31
11
63
50
32
21
34
41
38
13
25
30
12
46
12
30
33
17
10
36
15
22
51
14
48
46
33
27
18
53
28
22
37
27
24
24
25
12
26
39
22
53
11
15
45
52
11
43
46
31
22
10
23
21
40
52
52
39
52
30
17
18
24
15
13
58
9
28
12
38
42
41
59
42
39
57
57
52
17
16
42
18
18
29
28
14
14
23
41
22
42
18
28
28
15
50
55
25
36
36
47
38
46
57
23
51
40
51
46
31
13
21
9
14
44
25
29
13
20
9
25
12
41
21
56
27
17
24
36
35
26
17
58
29
32
28
33
57
15
41
39
42
38
50
21
56
53
41
46
43
38
15
25
30
46
17
36
20
31
50
57
31
12
47
42
12
15
17
32
34
30
35
13
38
13
15
48
35
13
15
14
9
60
39
51
38
11
35
25
11
25
29
25
14
44
49
9
23
27
21
40
26
40
23
45
55
21
13
13
27
24
42
46
34
27
22
40
44
35
21
38
58
49
27
15
31
48
30
18
41
52
25
27
32
27
54
29
21
9
47
23
12
58
32
27
57
36
16
18
13
28
57
24
39
12
26
25
38
33
21
31
11
41
13
35
40
26
17
53
27
39
43
15
11
34
28
8
32
58
51
33
27
47
24
50
13
14
15
29
46
26
11
27
31
15
14
27
40
53
30
31
46
47
47
35
25
36
20
25
35
19
28
24
30
33
52
58
47
17
25
23
29
47
15
36
29
13
40
58
19
55
46
61
44
37
40
18
30
27
29
38
28
18
10
29
45
38
13
25
8
10
13
29
18
14
15
